11:14:47.293 [main] INFO  PageFactory.BaseClass - Upcoming
11:14:51.241 [main] INFO  PageFactory.BaseClass - Successfully clicked on Manufacture
11:14:55.928 [main] INFO  PageFactory.BaseClass - Bikes List
11:15:11.760 [main] INFO  PageFactory.BaseClass - Selected chennai
11:15:20.071 [main] INFO  PageFactory.BaseClass - Successfully navigated to ZigWheels
11:15:22.138 [main] INFO  PageFactory.BaseClass - Clicked on login
11:15:26.031 [main] INFO  PageFactory.BaseClass - Email entered
11:15:30.056 [main] INFO  PageFactory.BaseClass - Erroe Captured
11:25:44.531 [main] INFO  PageFactory.BaseClass - Upcoming
11:25:52.442 [main] INFO  PageFactory.BaseClass - Successfully clicked on Manufacture
11:29:39.281 [main] INFO  PageFactory.BaseClass - Bikes List
11:30:31.652 [main] INFO  PageFactory.BaseClass - Selected chennai
11:31:09.700 [main] INFO  PageFactory.BaseClass - Successfully navigated to ZigWheels
12:09:06.482 [main] INFO  PageFactory.BaseClass - Bikes List
12:09:58.643 [main] INFO  PageFactory.BaseClass - Selected chennai
12:10:16.666 [main] INFO  PageFactory.BaseClass - Successfully navigated to ZigWheels
12:10:21.568 [main] INFO  PageFactory.BaseClass - Clicked on login
12:10:54.964 [main] INFO  PageFactory.BaseClass - Email entered
12:10:59.857 [main] INFO  PageFactory.BaseClass - Error Captured
12:12:56.331 [main] INFO  PageFactory.BaseClass - Upcoming
12:13:03.731 [main] INFO  PageFactory.BaseClass - Successfully clicked on Manufacture
12:13:08.678 [main] INFO  PageFactory.BaseClass - Bikes List
12:13:54.527 [main] INFO  PageFactory.BaseClass - Selected chennai
12:14:04.114 [main] INFO  PageFactory.BaseClass - Successfully navigated to ZigWheels
12:27:22.675 [main] INFO  PageFactory.BaseClass - Upcoming
12:27:26.681 [main] INFO  PageFactory.BaseClass - Successfully clicked on Manufacture
12:27:33.748 [main] INFO  PageFactory.BaseClass - Bikes List
12:28:32.946 [main] INFO  PageFactory.BaseClass - Selected chennai
12:28:40.257 [main] INFO  PageFactory.BaseClass - Successfully navigated to ZigWheels
12:28:43.868 [main] INFO  PageFactory.BaseClass - Clicked on login
12:28:54.649 [main] INFO  PageFactory.BaseClass - Email entered
12:28:58.811 [main] INFO  PageFactory.BaseClass - Error Captured
13:01:41.533 [main] INFO  PageFactory.BaseClass - Bikes List
13:02:19.897 [main] INFO  PageFactory.BaseClass - Successfully navigated to ZigWheels
13:23:57.979 [main] INFO  PageFactory.BaseClass - Upcoming
13:24:02.165 [main] INFO  PageFactory.BaseClass - Successfully clicked on Manufacture
13:24:08.927 [main] INFO  PageFactory.BaseClass - Bikes List
13:24:20.422 [main] INFO  PageFactory.BaseClass - Selected chennai
13:24:27.485 [main] INFO  PageFactory.BaseClass - Successfully navigated to ZigWheels
13:24:30.825 [main] INFO  PageFactory.BaseClass - Clicked on login
13:24:35.333 [main] INFO  PageFactory.BaseClass - Email entered
13:24:38.807 [main] INFO  PageFactory.BaseClass - Error Captured
13:31:39.608 [main] INFO  PageFactory.BaseClass - Upcoming
13:31:43.934 [main] INFO  PageFactory.BaseClass - Successfully clicked on Manufacture
13:31:46.469 [main] INFO  PageFactory.BaseClass - Bikes
13:32:32.029 [main] INFO  PageFactory.BaseClass - Bikes List
13:32:43.583 [main] INFO  PageFactory.BaseClass - Selected chennai
13:32:51.621 [main] INFO  PageFactory.BaseClass - Successfully navigated to ZigWheels
13:32:56.110 [main] INFO  PageFactory.BaseClass - Clicked on login
13:32:59.434 [main] INFO  PageFactory.BaseClass - Email entered
14:00:27.309 [main] INFO  PageFactory.BaseClass - Upcoming
14:00:32.414 [main] INFO  PageFactory.BaseClass - Successfully clicked on Manufacture
14:00:34.361 [main] INFO  PageFactory.BaseClass - Bikes
14:01:18.728 [main] INFO  PageFactory.BaseClass - Bikes List
14:01:28.667 [main] INFO  PageFactory.BaseClass - Selected chennai
14:01:37.265 [main] INFO  PageFactory.BaseClass - Successfully navigated to ZigWheels
14:01:59.025 [main] INFO  PageFactory.BaseClass - Clicked on login
14:02:02.336 [main] INFO  PageFactory.BaseClass - Email entered
14:02:06.116 [main] INFO  PageFactory.BaseClass - Error Captured
14:21:36.556 [main] INFO  PageFactory.BaseClass - Bikes List
14:21:52.476 [main] INFO  PageFactory.BaseClass - Selected chennai
14:21:58.419 [main] INFO  PageFactory.BaseClass - Successfully navigated to ZigWheels
14:22:02.517 [main] INFO  PageFactory.BaseClass - Clicked on login
14:22:09.125 [main] INFO  PageFactory.BaseClass - Email entered
14:22:13.010 [main] INFO  PageFactory.BaseClass - Error Captured
14:24:12.157 [main] INFO  PageFactory.BaseClass - Upcoming
14:24:36.321 [main] INFO  PageFactory.BaseClass - Successfully clicked on Manufacture
14:24:38.381 [main] INFO  PageFactory.BaseClass - Bikes
14:25:24.784 [main] INFO  PageFactory.BaseClass - Bikes List
14:25:38.186 [main] INFO  PageFactory.BaseClass - Selected chennai
14:25:44.011 [main] INFO  PageFactory.BaseClass - Successfully navigated to ZigWheels
14:25:48.281 [main] INFO  PageFactory.BaseClass - Clicked on login
